Base path: C:/Program Files (x86)/Unity/Editor/Data
Pipe name: \\.\pipe\UnityShaderCompiler-1-5128
Cmd: getPlatforms
Cmd: preprocess
  insize=2105 outsize=959 ok=1
Cmd: compileSnippet
  api=4 type=0 insize=1377 outsize=1347 kw= ok=1
Cmd: compileSnippet
  api=4 type=1 insize=1377 outsize=2598 kw= ok=1
Cmd: preprocess
  insize=1715 outsize=564 ok=1
Cmd: compileSnippet
  api=4 type=0 insize=1391 outsize=1412 kw= ok=1
Cmd: compileSnippet
  api=4 type=1 insize=1391 outsize=1177 kw= ok=1
Cmd: preprocess
  insize=1898 outsize=953 ok=1
Cmd: compileSnippet
  api=4 type=0 insize=1192 outsize=1347 kw= ok=1
Cmd: compileSnippet
  api=4 type=1 insize=1192 outsize=1388 kw= ok=1
Cmd: preprocess
  insize=1628 outsize=565 ok=1
Cmd: compileSnippet
  api=4 type=0 insize=1310 outsize=1388 kw= ok=1
Cmd: compileSnippet
  api=4 type=1 insize=1310 outsize=1177 kw= ok=1
